<?xml version="1.0" encoding="UTF-8"?>
<!-- Generated by org.testng.reporters.JUnitXMLReporter -->
<testsuite ignored="0" hostname="Admin-PC" failures="0" tests="4" name="Surefire test" time="217.789" errors="0" timestamp="2022-08-22T18:54:20 IST">
  <testcase classname="com.practice.scripts.Demo1_Test" name="testCase1" time="156.1"/>
  <testcase classname="com.practice.scripts.Demo1_Test" name="testCase2" time="15.596"/>
  <testcase classname="com.practice.scripts.Demo2_Test" name="testCase1" time="42.556"/>
  <testcase classname="com.practice.scripts.Demo2_Test" name="testCase2" time="3.344"/>
</testsuite> <!-- Surefire test -->
