<?xml version="1.0" encoding="UTF-8"?>
<!-- Generated by org.testng.reporters.JUnitXMLReporter -->
<testsuite ignored="0" hostname="Admin-PC" failures="0" tests="4" name="Test" time="176.954" errors="0" timestamp="2022-08-22T17:32:51 IST">
  <testcase classname="com.practice.scripts.Demo2_Test" name="testCase1" time="106.951"/>
  <testcase classname="com.practice.scripts.Demo2_Test" name="testCase2" time="8.566"/>
  <testcase classname="com.practice.scripts.Demo1_Test" name="testCase1" time="55.95"/>
  <testcase classname="com.practice.scripts.Demo1_Test" name="testCase2" time="5.225"/>
</testsuite> <!-- Test -->
