<?xml version="1.0" encoding="UTF-8"?>
<testng-results ignored="0" total="4" passed="4" failed="0" skipped="0">
  <reporter-output>
  </reporter-output>
  <suite started-at="2022-08-22T18:50:42 IST" name="Surefire suite" finished-at="2022-08-22T18:54:20 IST" duration-ms="217789">
    <groups>
    </groups>
    <test started-at="2022-08-22T18:50:42 IST" name="Surefire test" finished-at="2022-08-22T18:54:20 IST" duration-ms="217789">
      <class name="com.practice.scripts.Demo1_Test">
        <test-method signature="testCase1()[pri:0, instance:com.practice.scripts.Demo1_Test@5dda768f]" started-at="2022-08-22T18:50:42 IST" name="testCase1" finished-at="2022-08-22T18:53:18 IST" duration-ms="156100" status="PASS">
          <reporter-output>
          </reporter-output>
        </test-method> <!-- testCase1 -->
        <test-method signature="testCase2()[pri:0, instance:com.practice.scripts.Demo1_Test@5dda768f]" started-at="2022-08-22T18:53:18 IST" name="testCase2" finished-at="2022-08-22T18:53:34 IST" duration-ms="15596" status="PASS">
          <reporter-output>
          </reporter-output>
        </test-method> <!-- testCase2 -->
      </class> <!-- com.practice.scripts.Demo1_Test -->
      <class name="com.practice.scripts.Demo2_Test">
        <test-method signature="testCase1()[pri:0, instance:com.practice.scripts.Demo2_Test@b2c9a9c]" started-at="2022-08-22T18:53:34 IST" name="testCase1" finished-at="2022-08-22T18:54:16 IST" duration-ms="42556" status="PASS">
          <reporter-output>
          </reporter-output>
        </test-method> <!-- testCase1 -->
        <test-method signature="testCase2()[pri:0, instance:com.practice.scripts.Demo2_Test@b2c9a9c]" started-at="2022-08-22T18:54:16 IST" name="testCase2" finished-at="2022-08-22T18:54:20 IST" duration-ms="3344" status="PASS">
          <reporter-output>
          </reporter-output>
        </test-method> <!-- testCase2 -->
      </class> <!-- com.practice.scripts.Demo2_Test -->
    </test> <!-- Surefire test -->
  </suite> <!-- Surefire suite -->
</testng-results>
