<?xml version="1.0" encoding="UTF-8"?>
<testng-results ignored="0" total="4" passed="4" failed="0" skipped="0">
  <reporter-output>
  </reporter-output>
  <suite started-at="2022-08-22T17:29:53 IST" name="Suite" finished-at="2022-08-22T17:32:50 IST" duration-ms="176954">
    <groups>
    </groups>
    <test started-at="2022-08-22T17:29:53 IST" name="Test" finished-at="2022-08-22T17:32:50 IST" duration-ms="176954">
      <class name="com.practice.scripts.Demo1_Test">
        <test-method signature="testCase1()[pri:0, instance:com.practice.scripts.Demo1_Test@4facf68f]" started-at="2022-08-22T17:31:49 IST" name="testCase1" finished-at="2022-08-22T17:32:45 IST" duration-ms="55950" status="PASS">
          <reporter-output>
          </reporter-output>
        </test-method> <!-- testCase1 -->
        <test-method signature="testCase2()[pri:0, instance:com.practice.scripts.Demo1_Test@4facf68f]" started-at="2022-08-22T17:32:45 IST" name="testCase2" finished-at="2022-08-22T17:32:50 IST" duration-ms="5225" status="PASS">
          <reporter-output>
          </reporter-output>
        </test-method> <!-- testCase2 -->
      </class> <!-- com.practice.scripts.Demo1_Test -->
      <class name="com.practice.scripts.Demo2_Test">
        <test-method signature="testCase1()[pri:0, instance:com.practice.scripts.Demo2_Test@5e82df6a]" started-at="2022-08-22T17:29:54 IST" name="testCase1" finished-at="2022-08-22T17:31:41 IST" duration-ms="106951" status="PASS">
          <reporter-output>
          </reporter-output>
        </test-method> <!-- testCase1 -->
        <test-method signature="testCase2()[pri:0, instance:com.practice.scripts.Demo2_Test@5e82df6a]" started-at="2022-08-22T17:31:41 IST" name="testCase2" finished-at="2022-08-22T17:31:49 IST" duration-ms="8566" status="PASS">
          <reporter-output>
          </reporter-output>
        </test-method> <!-- testCase2 -->
      </class> <!-- com.practice.scripts.Demo2_Test -->
    </test> <!-- Test -->
  </suite> <!-- Suite -->
</testng-results>
